<?xml version="1.0" encoding="utf-8"?>
<test-run id="2" name="Reflection.Randomness.exe" fullname="D:/vs2019Proj/Reflection/ReflectionTraining/bin/Debug/Reflection.Randomness.exe" testcasecount="6" result="Passed" start-time="2022-09-07 15:47:23Z" end-time="2022-09-07 15:47:25Z" duration="1.528931" total="6" passed="6" failed="0" inconclusive="0" skipped="0" asserts="13" random-seed="1593060697">
  <command-line><![CDATA["D:\vs2019Proj\Reflection\ReflectionTraining\bin\Debug\Reflection.Randomness.exe" ]]></command-line>
  <filter />
  <test-suite type="Assembly" id="1007" name="Reflection.Randomness.exe" fullname="D:/vs2019Proj/Reflection/ReflectionTraining/bin/Debug/Reflection.Randomness.exe" runstate="Runnable" testcasecount="6" result="Passed" start-time="2022-09-07 15:47:23Z" end-time="2022-09-07 15:47:25Z" duration="1.528931" total="6" passed="6" failed="0" warnings="0" inconclusive="0" skipped="0" asserts="13">
    <environment framework-version="3.6.0.0" clr-version="4.0.30319.42000" os-version="Microsoft Windows NT 6.2.9200.0" platform="Win32NT" cwd="D:\vs2019Proj\Reflection\ReflectionTraining\bin\Debug" machine-name="EVGENY-PC" user="Evgeny" user-domain="EVGENY-PC" culture="ru-RU" uiculture="ru-RU" os-architecture="x86" />
    <settings>
      <setting name="WorkDirectory" value="D:\vs2019Proj\Reflection\ReflectionTraining\bin\Debug" />
      <setting name="NumberOfTestWorkers" value="8" />
    </settings>
    <properties>
      <property name="_PID" value="17964" />
      <property name="_APPDOMAIN" value="Reflection.Randomness.exe" />
    </properties>
    <test-suite type="TestSuite" id="1008" name="Reflection" fullname="Reflection" runstate="Runnable" testcasecount="6" result="Passed" start-time="2022-09-07 15:47:23Z" end-time="2022-09-07 15:47:25Z" duration="1.499057" total="6" passed="6" failed="0" warnings="0" inconclusive="0" skipped="0" asserts="13">
      <test-suite type="TestSuite" id="1009" name="Randomness" fullname="Reflection.Randomness" runstate="Runnable" testcasecount="6" result="Passed" start-time="2022-09-07 15:47:23Z" end-time="2022-09-07 15:47:25Z" duration="1.469724" total="6" passed="6" failed="0" warnings="0" inconclusive="0" skipped="0" asserts="13">
        <test-suite type="TestFixture" id="1000" name="Generator_should" fullname="Reflection.Randomness.Generator_should" classname="Reflection.Randomness.Generator_should" runstate="Runnable" testcasecount="6" result="Passed" start-time="2022-09-07 15:47:23Z" end-time="2022-09-07 15:47:25Z" duration="1.438173" total="6" passed="6" failed="0" warnings="0" inconclusive="0" skipped="0" asserts="13">
          <test-case id="1006" name="FailWithInformativeMessage_WhenAttributeUsedWithWrongDistributionType" fullname="Reflection.Randomness.Generator_should.FailWithInformativeMessage_WhenAttributeUsedWithWrongDistributionType" methodname="FailWithInformativeMessage_WhenAttributeUsedWithWrongDistributionType" classname="Reflection.Randomness.Generator_should" runstate="Runnable" seed="228309317" result="Passed" start-time="2022-09-07 15:47:23Z" end-time="2022-09-07 15:47:24Z" duration="0.788595" asserts="2" />
          <test-case id="1005" name="FailWithInformativeMessage_WhenAttributeUsedWithWrongNumberOfArguments" fullname="Reflection.Randomness.Generator_should.FailWithInformativeMessage_WhenAttributeUsedWithWrongNumberOfArguments" methodname="FailWithInformativeMessage_WhenAttributeUsedWithWrongNumberOfArguments" classname="Reflection.Randomness.Generator_should" runstate="Runnable" seed="1541474499" result="Passed" start-time="2022-09-07 15:47:24Z" end-time="2022-09-07 15:47:24Z" duration="0.397009" asserts="2" />
          <test-case id="1001" name="GenerateT1" fullname="Reflection.Randomness.Generator_should.GenerateT1" methodname="GenerateT1" classname="Reflection.Randomness.Generator_should" runstate="Runnable" seed="444616586" result="Passed" start-time="2022-09-07 15:47:24Z" end-time="2022-09-07 15:47:24Z" duration="0.014642" asserts="1" />
          <test-case id="1003" name="GenerateT2" fullname="Reflection.Randomness.Generator_should.GenerateT2" methodname="GenerateT2" classname="Reflection.Randomness.Generator_should" runstate="Runnable" seed="943340753" result="Passed" start-time="2022-09-07 15:47:25Z" end-time="2022-09-07 15:47:25Z" duration="0.004117" asserts="5" />
          <test-case id="1002" name="GiveUniqueResults_OnEveryGenerateRun" fullname="Reflection.Randomness.Generator_should.GiveUniqueResults_OnEveryGenerateRun" methodname="GiveUniqueResults_OnEveryGenerateRun" classname="Reflection.Randomness.Generator_should" runstate="Runnable" seed="125114903" result="Passed" start-time="2022-09-07 15:47:25Z" end-time="2022-09-07 15:47:25Z" duration="0.005593" asserts="2" />
          <test-case id="1004" name="PerformanceTest" fullname="Reflection.Randomness.Generator_should.PerformanceTest" methodname="PerformanceTest" classname="Reflection.Randomness.Generator_should" runstate="Runnable" seed="228041097" result="Passed" start-time="2022-09-07 15:47:25Z" end-time="2022-09-07 15:47:25Z" duration="0.067902" asserts="1">
            <output><![CDATA[00:00:00.0423588
]]></output>
          </test-case>
        </test-suite>
      </test-suite>
    </test-suite>
  </test-suite>
</test-run>